<?xml version="1.0" encoding="UTF-8"?>
<!-- Generated by org.testng.reporters.JUnitReportReporter -->
<testsuite hostname="Mahfuz" name="com.learnautomation.testcases.TestAcmeBankLogin" tests="1" failures="0" timestamp="20 Oct 2020 13:26:28 GMT" time="2.597" errors="0">
  <testcase name="loginAppTest" time="2.597" classname="com.learnautomation.testcases.TestAcmeBankLogin"/>
</testsuite> <!-- com.learnautomation.testcases.TestAcmeBankLogin -->
