<?xml version="1.0" encoding="UTF-8"?>
<!-- Generated by org.testng.reporters.JUnitReportReporter -->
<testsuite hostname="Mahfuz" name="com.learnautomation.testcases.TestCaseWithoutFramework" tests="1" failures="0" timestamp="20 Oct 2020 01:17:59 GMT" time="13.843" errors="0">
  <testcase name="loginTest" time="13.843" classname="com.learnautomation.testcases.TestCaseWithoutFramework"/>
</testsuite> <!-- com.learnautomation.testcases.TestCaseWithoutFramework -->
